<?xml version="1.0" encoding="UTF-8"?>
<testsuite name="Command line test" failures="0" tests="35" time="11.374" errors="0">
  <properties/>
  <testcase name="toFromBytesTest" time="0.028" classname="net.agkn.hll.ExplicitHLLTest"/>
  <testcase name="addBasicTest" time="0.0" classname="net.agkn.hll.ExplicitHLLTest"/>
  <testcase name="clearTest" time="0.001" classname="net.agkn.hll.ExplicitHLLTest"/>
  <testcase name="promotionTest" time="0.004" classname="net.agkn.hll.ExplicitHLLTest"/>
  <testcase name="randomValuesTest" time="0.004" classname="net.agkn.hll.ExplicitHLLTest"/>
  <testcase name="unionTest" time="0.001" classname="net.agkn.hll.ExplicitHLLTest"/>
  <testcase name="largeRangeSmokeTest" time="0.003" classname="net.agkn.hll.FullHLLTest"/>
  <testcase name="toFromBytesTest" time="0.005" classname="net.agkn.hll.FullHLLTest"/>
  <testcase name="normalRangeSmokeTest" time="0.001" classname="net.agkn.hll.FullHLLTest"/>
  <testcase name="smallRangeSmokeTest" time="0.001" classname="net.agkn.hll.FullHLLTest"/>
  <testcase name="clearTest" time="0.0" classname="net.agkn.hll.FullHLLTest"/>
  <testcase name="registerValueTest" time="0.0" classname="net.agkn.hll.FullHLLTest"/>
  <testcase name="largeRangeSmokeTest" time="0.002" classname="net.agkn.hll.SparseHLLTest"/>
  <testcase name="toFromBytesTest" time="0.009" classname="net.agkn.hll.SparseHLLTest"/>
  <testcase name="smallRangeSmokeTest" time="0.001" classname="net.agkn.hll.SparseHLLTest"/>
  <testcase name="addTest" time="0.001" classname="net.agkn.hll.SparseHLLTest"/>
  <testcase name="normalRangeSmokeTest" time="0.0" classname="net.agkn.hll.SparseHLLTest"/>
  <testcase name="randomValuesTest" time="0.068" classname="net.agkn.hll.SparseHLLTest"/>
  <testcase name="unionTest" time="0.001" classname="net.agkn.hll.SparseHLLTest"/>
  <testcase name="clearTest" time="0.0" classname="net.agkn.hll.SparseHLLTest"/>
  <testcase name="smokeTest64BitWord" time="0.001" classname="net.agkn.hll.serialization.BigEndianAscendingWordDeserializerTest"/>
  <testcase name="ascendingSmokeTest" time="0.246" classname="net.agkn.hll.serialization.BigEndianAscendingWordDeserializerTest"/>
  <testcase name="randomSmokeTest" time="0.44" classname="net.agkn.hll.serialization.BigEndianAscendingWordDeserializerTest"/>
  <testcase name="constructorErrorTest" time="0.0" classname="net.agkn.hll.serialization.BigEndianAscendingWordDeserializerTest"/>
  <testcase name="earlyGetBytesTest" time="0.0" classname="net.agkn.hll.serialization.BigEndianAscendingWordSerializerTest"/>
  <testcase name="smokeTestSparseParams" time="0.001" classname="net.agkn.hll.serialization.BigEndianAscendingWordSerializerTest"/>
  <testcase name="smokeTestExplicitParams" time="0.0" classname="net.agkn.hll.serialization.BigEndianAscendingWordSerializerTest"/>
  <testcase name="smokeTestProbabilisticParams" time="0.0" classname="net.agkn.hll.serialization.BigEndianAscendingWordSerializerTest"/>
  <testcase name="constructorErrorTest" time="0.0" classname="net.agkn.hll.serialization.BigEndianAscendingWordSerializerTest"/>
  <testcase name="serializationSmokeTest" time="10.52" classname="net.agkn.hll.serialization.HLLSerializationTest"/>
  <testcase name="fillTest" time="0.0" classname="net.agkn.hll.util.BitVectorTest"/>
  <testcase name="getSetRegisterTest" time="0.0" classname="net.agkn.hll.util.BitVectorTest"/>
  <testcase name="setMaxRegisterTest" time="0.0" classname="net.agkn.hll.util.BitVectorTest"/>
  <testcase name="registerIteratorTest" time="0.021" classname="net.agkn.hll.util.BitVectorTest"/>
  <testcase name="largeEstimatorCutoffTest" time="0.0" classname="net.agkn.hll.util.HLLUtilTest"/>
</testsuite>
